This file contains any messages produced by compilers while
running configure, to aid debugging if configure makes a mistake.

It was created by GRUB configure 0.97, which was
generated by GNU Autoconf 2.59.  Invocation command line was

  $ ./configure 

## --------- ##
## Platform. ##
## --------- ##

hostname = student-VirtualBox
uname -m = x86_64
uname -r = 5.4.0-52-generic
uname -s = Linux
uname -v = #57-Ubuntu SMP Thu Oct 15 10:57:00 UTC 2020

/usr/bin/uname -p = x86_64
/bin/uname -X     = unknown

/bin/arch              = x86_64
/usr/bin/arch -k       = unknown
/usr/convex/getsysinfo = unknown
hostinfo               = unknown
/bin/machine           = unknown
/usr/bin/oslevel       = unknown
/bin/universe          = unknown

PATH: /usr/local/sbin
PATH: /usr/local/bin
PATH: /usr/sbin
PATH: /usr/bin
PATH: /sbin
PATH: /bin
PATH: /usr/games
PATH: /usr/local/games
PATH: /snap/bin


## ----------- ##
## Core tests. ##
## ----------- ##

configure:1432: checking for a BSD-compatible install
configure:1487: result: /usr/bin/install -c
configure:1498: checking whether build environment is sane
configure:1541: result: yes
configure:1606: checking for gawk
configure:1635: result: no
configure:1606: checking for mawk
configure:1622: found /usr/bin/mawk
configure:1632: result: mawk
configure:1642: checking whether make sets $(MAKE)
configure:1662: result: yes
configure:1837: checking build system type
configure:1855: result: x86_64-unknown-linux-gnu
configure:1863: checking host system type
configure:1877: result: x86_64-unknown-linux-gnu
configure:1901: checking whether to enable maintainer-specific portions of Makefiles
configure:1910: result: no
configure:2026: checking for gcc
configure:2042: found /usr/bin/gcc
configure:2052: result: gcc
configure:2110: checking for gcc
configure:2136: result: gcc
configure:2380: checking for C compiler version
configure:2383: gcc --version </dev/null >&5
gcc (Ubuntu 9.3.0-17ubuntu1~20.04) 9.3.0
Copyright (C) 2019 Free Software Foundation, Inc.
This is free software; see the source for copying conditions.  There is NO
warranty; not even for MERCHANTABILITY or FITNESS FOR A PARTICULAR PURPOSE.

configure:2386: $? = 0
configure:2388: gcc -v </dev/null >&5
Using built-in specs.
COLLECT_GCC=gcc
COLLECT_LTO_WRAPPER=/usr/lib/gcc/x86_64-linux-gnu/9/lto-wrapper
OFFLOAD_TARGET_NAMES=nvptx-none:hsa
OFFLOAD_TARGET_DEFAULT=1
Target: x86_64-linux-gnu
Configured with: ../src/configure -v --with-pkgversion='Ubuntu 9.3.0-17ubuntu1~20.04' --with-bugurl=file:///usr/share/doc/gcc-9/README.Bugs --enable-languages=c,ada,c++,go,brig,d,fortran,objc,obj-c++,gm2 --prefix=/usr --with-gcc-major-version-only --program-suffix=-9 --program-prefix=x86_64-linux-gnu- --enable-shared --enable-linker-build-id --libexecdir=/usr/lib --without-included-gettext --enable-threads=posix --libdir=/usr/lib --enable-nls --enable-clocale=gnu --enable-libstdcxx-debug --enable-libstdcxx-time=yes --with-default-libstdcxx-abi=new --enable-gnu-unique-object --disable-vtable-verify --enable-plugin --enable-default-pie --with-system-zlib --with-target-system-zlib=auto --enable-objc-gc=auto --enable-multiarch --disable-werror --with-arch-32=i686 --with-abi=m64 --with-multilib-list=m32,m64,mx32 --enable-multilib --with-tune=generic --enable-offload-targets=nvptx-none=/build/gcc-9-HskZEa/gcc-9-9.3.0/debian/tmp-nvptx/usr,hsa --without-cuda-driver --enable-checking=release --build=x86_64-linux-gnu --host=x86_64-linux-gnu --target=x86_64-linux-gnu
Thread model: posix
gcc version 9.3.0 (Ubuntu 9.3.0-17ubuntu1~20.04) 
configure:2391: $? = 0
configure:2393: gcc -V </dev/null >&5
gcc: error: unrecognized command line option '-V'
gcc: fatal error: no input files
compilation terminated.
configure:2396: $? = 1
configure:2419: checking for C compiler default output file name
configure:2422: gcc -m32    conftest.c  >&5
/usr/bin/ld: cannot find Scrt1.o: No such file or directory
/usr/bin/ld: cannot find crti.o: No such file or directory
/usr/bin/ld: skipping incompatible /usr/lib/gcc/x86_64-linux-gnu/9/libgcc.a when searching for -lgcc
/usr/bin/ld: cannot find -lgcc
/usr/bin/ld: skipping incompatible /usr/lib/gcc/x86_64-linux-gnu/9/libgcc.a when searching for -lgcc
/usr/bin/ld: cannot find -lgcc
collect2: error: ld returned 1 exit status
configure:2425: $? = 1
configure: failed program was:
| /* confdefs.h.  */
| 
| #define PACKAGE_NAME "GRUB"
| #define PACKAGE_TARNAME "grub"
| #define PACKAGE_VERSION "0.97"
| #define PACKAGE_STRING "GRUB 0.97"
| #define PACKAGE_BUGREPORT "bug-grub@gnu.org"
| #define PACKAGE "grub"
| #define VERSION "0.97"
| /* end confdefs.h.  */
| 
| int
| main ()
| {
| 
|   ;
|   return 0;
| }
configure:2464: error: C compiler cannot create executables
See `config.log' for more details.

## ---------------- ##
## Cache variables. ##
## ---------------- ##

ac_cv_build=x86_64-unknown-linux-gnu
ac_cv_build_alias=x86_64-unknown-linux-gnu
ac_cv_env_CC_set=
ac_cv_env_CC_value=
ac_cv_env_CFLAGS_set=
ac_cv_env_CFLAGS_value=
ac_cv_env_CPPFLAGS_set=
ac_cv_env_CPPFLAGS_value=
ac_cv_env_CPP_set=
ac_cv_env_CPP_value=
ac_cv_env_LDFLAGS_set=
ac_cv_env_LDFLAGS_value=
ac_cv_env_build_alias_set=
ac_cv_env_build_alias_value=
ac_cv_env_host_alias_set=
ac_cv_env_host_alias_value=
ac_cv_env_target_alias_set=
ac_cv_env_target_alias_value=
ac_cv_host=x86_64-unknown-linux-gnu
ac_cv_host_alias=x86_64-unknown-linux-gnu
ac_cv_path_install='/usr/bin/install -c'
ac_cv_prog_AWK=mawk
ac_cv_prog_ac_ct_CC=gcc
ac_cv_prog_make_make_set=yes

## ----------------- ##
## Output variables. ##
## ----------------- ##

ACLOCAL='${SHELL} /home/student/os/grub-0.97/missing --run aclocal-1.9'
AMDEPBACKSLASH=''
AMDEP_FALSE=''
AMDEP_TRUE=''
AMTAR='${SHELL} /home/student/os/grub-0.97/missing --run tar'
AUTOCONF='${SHELL} /home/student/os/grub-0.97/missing --run autoconf'
AUTOHEADER='${SHELL} /home/student/os/grub-0.97/missing --run autoheader'
AUTOMAKE='${SHELL} /home/student/os/grub-0.97/missing --run automake-1.9'
AWK='mawk'
BUILD_EXAMPLE_KERNEL_FALSE=''
BUILD_EXAMPLE_KERNEL_TRUE=''
CC='gcc'
CCAS=''
CCASFLAGS=''
CCDEPMODE=''
CFLAGS='-m32 '
CPP=''
CPPFLAGS=''
CYGPATH_W='echo'
DEFS=''
DEPDIR=''
DISKLESS_SUPPORT_FALSE=''
DISKLESS_SUPPORT_TRUE=''
ECHO_C=''
ECHO_N='-n'
ECHO_T=''
EGREP=''
EXEEXT=''
FSYS_CFLAGS=''
GRUB_CFLAGS=''
GRUB_LIBS=''
HERCULES_SUPPORT_FALSE=''
HERCULES_SUPPORT_TRUE=''
INSTALL_DATA='${INSTALL} -m 644'
INSTALL_PROGRAM='${INSTALL}'
INSTALL_SCRIPT='${INSTALL}'
INSTALL_STRIP_PROGRAM='${SHELL} $(install_sh) -c -s'
LDFLAGS=''
LIBOBJS=''
LIBS=''
LTLIBOBJS=''
MAINT='#'
MAINTAINER_MODE_FALSE=''
MAINTAINER_MODE_TRUE='#'
MAKEINFO='${SHELL} /home/student/os/grub-0.97/missing --run makeinfo'
NETBOOT_DRIVERS=''
NETBOOT_SUPPORT_FALSE=''
NETBOOT_SUPPORT_TRUE=''
NET_CFLAGS=''
NET_EXTRAFLAGS=''
OBJCOPY=''
OBJEXT=''
PACKAGE='grub'
PACKAGE_BUGREPORT='bug-grub@gnu.org'
PACKAGE_NAME='GRUB'
PACKAGE_STRING='GRUB 0.97'
PACKAGE_TARNAME='grub'
PACKAGE_VERSION='0.97'
PATH_SEPARATOR=':'
PERL=''
RANLIB=''
SERIAL_SPEED_SIMULATION_FALSE=''
SERIAL_SPEED_SIMULATION_TRUE=''
SERIAL_SUPPORT_FALSE=''
SERIAL_SUPPORT_TRUE=''
SET_MAKE=''
SHELL='/bin/bash'
STAGE1_CFLAGS=''
STAGE2_CFLAGS=''
STRIP=''
VERSION='0.97'
ac_ct_CC='gcc'
ac_ct_OBJCOPY=''
ac_ct_RANLIB=''
ac_ct_STRIP=''
am__fastdepCC_FALSE=''
am__fastdepCC_TRUE=''
am__include=''
am__leading_dot='.'
am__quote=''
am__tar='${AMTAR} chof - "$$tardir"'
am__untar='${AMTAR} xf -'
bindir='${exec_prefix}/bin'
build='x86_64-unknown-linux-gnu'
build_alias=''
build_cpu='x86_64'
build_os='linux-gnu'
build_vendor='unknown'
datadir='${prefix}/share'
exec_prefix='NONE'
host='x86_64-unknown-linux-gnu'
host_alias=''
host_cpu='x86_64'
host_os='linux-gnu'
host_vendor='unknown'
includedir='${prefix}/include'
infodir='${prefix}/info'
install_sh='/home/student/os/grub-0.97/install-sh'
libdir='${exec_prefix}/lib'
libexecdir='${exec_prefix}/libexec'
localstatedir='${prefix}/var'
mandir='${prefix}/man'
mkdir_p='mkdir -p --'
oldincludedir='/usr/include'
prefix='NONE'
program_transform_name='s,x,x,'
sbindir='${exec_prefix}/sbin'
sharedstatedir='${prefix}/com'
sysconfdir='${prefix}/etc'
target_alias=''

## ----------- ##
## confdefs.h. ##
## ----------- ##

#define PACKAGE "grub"
#define PACKAGE_BUGREPORT "bug-grub@gnu.org"
#define PACKAGE_NAME "GRUB"
#define PACKAGE_STRING "GRUB 0.97"
#define PACKAGE_TARNAME "grub"
#define PACKAGE_VERSION "0.97"
#define VERSION "0.97"

configure: exit 77
